<?xml version="1.0" encoding="UTF-8"?>
<!-- Generated by org.testng.reporters.JUnitReportReporter -->
<testsuite hostname="Rockerfeller" failures="0" tests="1" name="com.absatest.AppTest" time="0.116" errors="0" timestamp="04 Mar 2025 16:48:58 GMT" skipped="0">
  <testcase classname="com.absatest.AppTest" name="shouldAnswerWithTrue" time="0.116"/>
</testsuite> <!-- com.absatest.AppTest -->
